<?xml version="1.0" encoding="UTF-8"?>
<!-- Generated by org.testng.reporters.JUnitXMLReporter -->
<testsuite hostname="DESKTOP-M8M2LU8" ignored="0" name="AuthincaitonTests" tests="5" failures="0" timestamp="2020-09-19T16:10:14 EET" time="30.668" errors="0">
  <testcase name="VerfiyCreatAccountBoxIsExist" time="3.003" classname="TestrRpository.AuthincaitonTests"/>
  <testcase name="VerfiyLoginBoxIsExist" time="0.047" classname="TestrRpository.AuthincaitonTests"/>
  <testcase name="VerfiyMandtoryEmailFiled" time="0.726" classname="TestrRpository.AuthincaitonTests"/>
  <testcase name="VerfiyCreateaccountButton" time="0.246" classname="TestrRpository.AuthincaitonTests"/>
  <testcase name="VerfiyLogintoRegistedAccount" time="12.321" classname="TestrRpository.AuthincaitonTests"/>
</testsuite> <!-- AuthincaitonTests -->
