<?xml version="1.0" encoding="UTF-8"?>
<!-- Generated by org.testng.reporters.JUnitXMLReporter -->
<testsuite hostname="DESKTOP-M8M2LU8" ignored="0" name="CreateAccountTests" tests="4" failures="0" timestamp="2020-09-19T16:10:38 EET" time="23.658" errors="0">
  <testcase name="validatEmailIsInsrted" time="4.408" classname="TestrRpository.CreateAccountTests"/>
  <testcase name="validateMandatoryFiled" time="1.87" classname="TestrRpository.CreateAccountTests"/>
  <testcase name="validatePasswordFiledLimits" time="0.172" classname="TestrRpository.CreateAccountTests"/>
  <testcase name="ValidateUserRegestration" time="3.586" classname="TestrRpository.CreateAccountTests"/>
</testsuite> <!-- CreateAccountTests -->
