<?xml version="1.0" encoding="UTF-8"?>
<!-- Generated by org.testng.reporters.JUnitXMLReporter -->
<testsuite hostname="DESKTOP-M8M2LU8" ignored="0" name="Test3" tests="4" failures="0" timestamp="2020-09-19T14:11:16 EET" time="40.933" errors="0">
  <testcase name="validatEmailIsInsrted" time="4.864" classname="TestrRpository.CreateAccountTests"/>
  <testcase name="validateMandatoryFiled" time="1.929" classname="TestrRpository.CreateAccountTests"/>
  <testcase name="validatePasswordFiledLimits" time="0.17" classname="TestrRpository.CreateAccountTests"/>
  <testcase name="ValidateUserRegestration" time="4.267" classname="TestrRpository.CreateAccountTests"/>
</testsuite> <!-- Test3 -->
