<?xml version="1.0" encoding="UTF-8"?>
<!-- Generated by org.testng.reporters.JUnitXMLReporter -->
<testsuite hostname="DESKTOP-M8M2LU8" ignored="0" name="Test" tests="4" failures="0" timestamp="2020-09-19T14:11:04 EET" time="29.019" errors="0">
  <testcase name="VerfiyCreatAccountBoxIsExist" time="3.297" classname="TestrRpository.AuthincaitonTests"/>
  <testcase name="VerfiyLoginBoxIsExist" time="0.052" classname="TestrRpository.AuthincaitonTests"/>
  <testcase name="VerfiyNavigatioToAuthincaitonPage" time="3.299" classname="TestrRpository.HomePageTest"/>
  <testcase name="VerfiyWindowsSize" time="0.013" classname="TestrRpository.HomePageTest"/>
</testsuite> <!-- Test -->
