<?xml version="1.0" encoding="UTF-8"?>
<!-- Generated by org.testng.reporters.JUnitXMLReporter -->
<testsuite ignored="0" hostname="DESKTOP-M8M2LU8" failures="0" tests="5" name="AuthincaitonTests" time="32.969" errors="0" timestamp="2020-09-19T16:31:57 EET">
  <testcase classname="TestrRpository.AuthincaitonTests" name="VerfiyCreatAccountBoxIsExist" time="2.868"/>
  <testcase classname="TestrRpository.AuthincaitonTests" name="VerfiyLoginBoxIsExist" time="0.042"/>
  <testcase classname="TestrRpository.AuthincaitonTests" name="VerfiyMandtoryEmailFiled" time="1.196"/>
  <testcase classname="TestrRpository.AuthincaitonTests" name="VerfiyCreateaccountButton" time="0.223"/>
  <testcase classname="TestrRpository.AuthincaitonTests" name="VerfiyLogintoRegistedAccount" time="11.277"/>
</testsuite> <!-- AuthincaitonTests -->
