<?xml version="1.0" encoding="UTF-8"?>
<!-- Generated by org.testng.reporters.JUnitXMLReporter -->
<testsuite ignored="0" hostname="DESKTOP-M8M2LU8" failures="0" tests="4" name="CreateAccountTests" time="20.998" errors="0" timestamp="2020-09-19T16:32:18 EET">
  <testcase classname="TestrRpository.CreateAccountTests" name="validatEmailIsInsrted" time="3.539"/>
  <testcase classname="TestrRpository.CreateAccountTests" name="validateMandatoryFiled" time="1.634"/>
  <testcase classname="TestrRpository.CreateAccountTests" name="validatePasswordFiledLimits" time="0.151"/>
  <testcase classname="TestrRpository.CreateAccountTests" name="ValidateUserRegestration" time="3.014"/>
</testsuite> <!-- CreateAccountTests -->
