<?xml version="1.0" encoding="UTF-8"?>
<testsuite xmlns:xsi="http://www.w3.org/2001/XMLSchema-instance" xsi:noNamespaceSchemaLocation="https://maven.apache.org/surefire/maven-surefire-plugin/xsd/surefire-test-report-3.0.xsd" version="3.0" name="TestSuite" time="103.568" tests="12" errors="0" skipped="0" failures="0">
  <properties>
[...]
</properties>
  <testcase name="VerfiyNavigatioToAuthincaitonPage" classname="TestrRpository.HomePageTest" time="1.758">
    <system-err><![CDATA[Starting ChromeDriver 84.0.4147.30 (48b3e868b4cc0aa7e8149519690b6f6949e110a8-refs/branch-heads/4147@{#310}) on port 36374
Only local connections are allowed.
Please see https://chromedriver.chromium.org/security-considerations for suggestions on keeping ChromeDriver safe.
ChromeDriver was started successfully.
[1600525870.971][WARNING]: This version of ChromeDriver has not been tested with Chrome version 85.
Sep 19, 2020 4:31:13 PM org.openqa.selenium.remote.ProtocolHandshake createSession
INFO: Detected dialect: W3C
]]></system-err>
  </testcase>
  <testcase name="VerfiyWindowsSize" classname="TestrRpository.HomePageTest" time="0.004"/>
  <testcase name="VerfiyCreatAccountBoxIsExist" classname="TestrRpository.AuthincaitonTests" time="2.736">
    <system-out><![CDATA[===== Invoked methods
  TestBase.Browser_Init()[pri:0, instance:TestrRpository.HomePageTest@3bbc39f8] 1002191352
    HomePageTest.VerfiyNavigatioToAuthincaitonPage()[pri:0, instance:TestrRpository.HomePageTest@3bbc39f8] 1002191352
    HomePageTest.VerfiyWindowsSize()[pri:0, instance:TestrRpository.HomePageTest@3bbc39f8] 1002191352
  TestBase.Browser_Terdown()[pri:0, instance:TestrRpository.HomePageTest@3bbc39f8] 1002191352
=====
PASSED: VerfiyNavigatioToAuthincaitonPage
PASSED: VerfiyWindowsSize

===============================================
    HomePageTest
    Tests run: 2, Failures: 0, Skips: 0
===============================================

PASSED: VerfiyNavigatioToAuthincaitonPage
PASSED: VerfiyWindowsSize

===============================================
    AuthincaitonTests
    Tests run: 2, Failures: 0, Skips: 0
===============================================

PASSED: VerfiyNavigatioToAuthincaitonPage
PASSED: VerfiyWindowsSize

===============================================
    CreateAccountTests
    Tests run: 2, Failures: 0, Skips: 0
===============================================

PASSED: VerfiyNavigatioToAuthincaitonPage
PASSED: VerfiyWindowsSize

===============================================
    ShoppingTest
    Tests run: 2, Failures: 0, Skips: 0
===============================================

]]></system-out>
    <system-err><![CDATA[Starting ChromeDriver 84.0.4147.30 (48b3e868b4cc0aa7e8149519690b6f6949e110a8-refs/branch-heads/4147@{#310}) on port 28617
Only local connections are allowed.
Please see https://chromedriver.chromium.org/security-considerations for suggestions on keeping ChromeDriver safe.
ChromeDriver was started successfully.
[1600525885.981][WARNING]: This version of ChromeDriver has not been tested with Chrome version 85.
Sep 19, 2020 4:31:28 PM org.openqa.selenium.remote.ProtocolHandshake createSession
INFO: Detected dialect: W3C
]]></system-err>
  </testcase>
  <testcase name="VerfiyLoginBoxIsExist" classname="TestrRpository.AuthincaitonTests" time="0.042"/>
  <testcase name="VerfiyMandtoryEmailFiled" classname="TestrRpository.AuthincaitonTests" time="1.196"/>
  <testcase name="VerfiyCreateaccountButton" classname="TestrRpository.AuthincaitonTests" time="0.224"/>
  <testcase name="VerfiyLogintoRegistedAccount" classname="TestrRpository.AuthincaitonTests" time="11.277"/>
  <testcase name="validatEmailIsInsrted" classname="TestrRpository.CreateAccountTests" time="3.368">
    <system-out><![CDATA[===== Invoked methods
  TestBase.Browser_Init()[pri:0, instance:TestrRpository.AuthincaitonTests@48524010] 1213349904
    AuthincaitonTests.VerfiyCreatAccountBoxIsExist()[pri:0, instance:TestrRpository.AuthincaitonTests@48524010] 1213349904
    AuthincaitonTests.VerfiyLoginBoxIsExist()[pri:0, instance:TestrRpository.AuthincaitonTests@48524010] 1213349904
    AuthincaitonTests.VerfiyMandtoryEmailFiled()[pri:0, instance:TestrRpository.AuthincaitonTests@48524010] 1213349904
    AuthincaitonTests.VerfiyCreateaccountButton()[pri:0, instance:TestrRpository.AuthincaitonTests@48524010] 1213349904
    AuthincaitonTests.VerfiyLogintoRegistedAccount()[pri:0, instance:TestrRpository.AuthincaitonTests@48524010] 1213349904
  TestBase.Browser_Terdown()[pri:0, instance:TestrRpository.AuthincaitonTests@48524010] 1213349904
=====
PASSED: VerfiyNavigatioToAuthincaitonPage
PASSED: VerfiyWindowsSize
PASSED: VerfiyCreatAccountBoxIsExist
PASSED: VerfiyLoginBoxIsExist
PASSED: VerfiyMandtoryEmailFiled
PASSED: VerfiyCreateaccountButton
PASSED: VerfiyLogintoRegistedAccount

===============================================
    AuthincaitonTests
    Tests run: 7, Failures: 0, Skips: 0
===============================================

PASSED: VerfiyNavigatioToAuthincaitonPage
PASSED: VerfiyWindowsSize
PASSED: VerfiyCreatAccountBoxIsExist
PASSED: VerfiyLoginBoxIsExist
PASSED: VerfiyMandtoryEmailFiled
PASSED: VerfiyCreateaccountButton
PASSED: VerfiyLogintoRegistedAccount

===============================================
    CreateAccountTests
    Tests run: 7, Failures: 0, Skips: 0
===============================================

PASSED: VerfiyNavigatioToAuthincaitonPage
PASSED: VerfiyWindowsSize
PASSED: VerfiyCreatAccountBoxIsExist
PASSED: VerfiyLoginBoxIsExist
PASSED: VerfiyMandtoryEmailFiled
PASSED: VerfiyCreateaccountButton
PASSED: VerfiyLogintoRegistedAccount

===============================================
    ShoppingTest
    Tests run: 7, Failures: 0, Skips: 0
===============================================

]]></system-out>
    <system-err><![CDATA[Starting ChromeDriver 84.0.4147.30 (48b3e868b4cc0aa7e8149519690b6f6949e110a8-refs/branch-heads/4147@{#310}) on port 30516
Only local connections are allowed.
Please see https://chromedriver.chromium.org/security-considerations for suggestions on keeping ChromeDriver safe.
ChromeDriver was started successfully.
[1600525919.033][WARNING]: This version of ChromeDriver has not been tested with Chrome version 85.
Sep 19, 2020 4:32:01 PM org.openqa.selenium.remote.ProtocolHandshake createSession
INFO: Detected dialect: W3C
]]></system-err>
  </testcase>
  <testcase name="validateMandatoryFiled" classname="TestrRpository.CreateAccountTests" time="1.634"/>
  <testcase name="validatePasswordFiledLimits" classname="TestrRpository.CreateAccountTests" time="0.152"/>
  <testcase name="ValidateUserRegestration" classname="TestrRpository.CreateAccountTests" time="3.014">
    <system-out><![CDATA[
]]></system-out>
  </testcase>
  <testcase name="VerfiyPlacingOrder" classname="TestrRpository.ShoppingTest" time="20.62">
    <system-out><![CDATA[===== Invoked methods
  TestBase.Browser_Init()[pri:0, instance:TestrRpository.CreateAccountTests@15761df8] 360062456
    CreateAccountTests.validatEmailIsInsrted()[pri:0, instance:TestrRpository.CreateAccountTests@15761df8] 360062456
    CreateAccountTests.validateMandatoryFiled()[pri:0, instance:TestrRpository.CreateAccountTests@15761df8] 360062456
    CreateAccountTests.validatePasswordFiledLimits()[pri:0, instance:TestrRpository.CreateAccountTests@15761df8] 360062456
    CreateAccountTests.ValidateUserRegestration()[pri:0, instance:TestrRpository.CreateAccountTests@15761df8] 360062456
  TestBase.Browser_Terdown()[pri:0, instance:TestrRpository.CreateAccountTests@15761df8] 360062456
=====
PASSED: VerfiyNavigatioToAuthincaitonPage
PASSED: VerfiyWindowsSize
PASSED: VerfiyCreatAccountBoxIsExist
PASSED: VerfiyLoginBoxIsExist
PASSED: VerfiyMandtoryEmailFiled
PASSED: VerfiyCreateaccountButton
PASSED: VerfiyLogintoRegistedAccount
PASSED: validatEmailIsInsrted
PASSED: validateMandatoryFiled
PASSED: validatePasswordFiledLimits
PASSED: ValidateUserRegestration

===============================================
    CreateAccountTests
    Tests run: 11, Failures: 0, Skips: 0
===============================================

PASSED: VerfiyNavigatioToAuthincaitonPage
PASSED: VerfiyWindowsSize
PASSED: VerfiyCreatAccountBoxIsExist
PASSED: VerfiyLoginBoxIsExist
PASSED: VerfiyMandtoryEmailFiled
PASSED: VerfiyCreateaccountButton
PASSED: VerfiyLogintoRegistedAccount
PASSED: validatEmailIsInsrted
PASSED: validateMandatoryFiled
PASSED: validatePasswordFiledLimits
PASSED: ValidateUserRegestration

===============================================
    ShoppingTest
    Tests run: 11, Failures: 0, Skips: 0
===============================================

]]></system-out>
    <system-err><![CDATA[Starting ChromeDriver 84.0.4147.30 (48b3e868b4cc0aa7e8149519690b6f6949e110a8-refs/branch-heads/4147@{#310}) on port 28646
Only local connections are allowed.
Please see https://chromedriver.chromium.org/security-considerations for suggestions on keeping ChromeDriver safe.
ChromeDriver was started successfully.
[1600525940.005][WARNING]: This version of ChromeDriver has not been tested with Chrome version 85.
Sep 19, 2020 4:32:22 PM org.openqa.selenium.remote.ProtocolHandshake createSession
INFO: Detected dialect: W3C
]]></system-err>
  </testcase>
</testsuite>