<?xml version="1.0" encoding="UTF-8"?>
<testng-results skipped="0" failed="0" ignored="0" total="2" passed="2">
  <reporter-output>
  </reporter-output>
  <suite name="Default suite" duration-ms="18488" started-at="2020-09-19T16:28:28 EET" finished-at="2020-09-19T16:28:46 EET">
    <groups>
    </groups>
    <test name="Default test" duration-ms="18488" started-at="2020-09-19T16:28:28 EET" finished-at="2020-09-19T16:28:46 EET">
      <class name="TestrRpository.HomePageTest">
        <test-method status="PASS" signature="Browser_Init()[pri:0, instance:TestrRpository.HomePageTest@2758fe70]" name="Browser_Init" is-config="true" duration-ms="15734" started-at="2020-09-19T16:28:28 EET" finished-at="2020-09-19T16:28:44 EET">
          <reporter-output>
          </reporter-output>
        </test-method> <!-- Browser_Init -->
        <test-method status="PASS" signature="VerfiyNavigatioToAuthincaitonPage()[pri:0, instance:TestrRpository.HomePageTest@2758fe70]" name="VerfiyNavigatioToAuthincaitonPage" duration-ms="1976" started-at="2020-09-19T16:28:44 EET" finished-at="2020-09-19T16:28:46 EET">
          <reporter-output>
          </reporter-output>
        </test-method> <!-- VerfiyNavigatioToAuthincaitonPage -->
        <test-method status="PASS" signature="VerfiyWindowsSize()[pri:0, instance:TestrRpository.HomePageTest@2758fe70]" name="VerfiyWindowsSize" duration-ms="7" started-at="2020-09-19T16:28:46 EET" finished-at="2020-09-19T16:28:46 EET">
          <reporter-output>
          </reporter-output>
        </test-method> <!-- VerfiyWindowsSize -->
        <test-method status="PASS" signature="Browser_Terdown()[pri:0, instance:TestrRpository.HomePageTest@2758fe70]" name="Browser_Terdown" is-config="true" duration-ms="723" started-at="2020-09-19T16:28:46 EET" finished-at="2020-09-19T16:28:46 EET">
          <reporter-output>
          </reporter-output>
        </test-method> <!-- Browser_Terdown -->
      </class> <!-- TestrRpository.HomePageTest -->
    </test> <!-- Default test -->
  </suite> <!-- Default suite -->
</testng-results>
